<?xml version="1.0" encoding="UTF-8"?>
<coverage generated="1777066860775" clover="3.2.0">
  <project timestamp="1777066860776" name="All files">
    <metrics statements="9" coveredstatements="6" conditionals="4" coveredconditionals="2" methods="3" coveredmethods="2" elements="16" coveredelements="10" complexity="0" loc="9" ncloc="9" packages="2" files="2" classes="2"/>
    <package name="errors">
      <metrics statements="1" coveredstatements="0" conditionals="0" coveredconditionals="0" methods="1" coveredmethods="0"/>
      <file name="invalid-credentials.error.ts" path="C:\Users\gabri\OneDrive\Área de Trabalho\PS-IN\clone2\Tarefa-2-NODE-TREINAMENTO-INJUNIOR\src\use-cases\errors\invalid-credentials.error.ts">
        <metrics statements="1" coveredstatements="0" conditionals="0" coveredconditionals="0" methods="1" coveredmethods="0"/>
        <line num="3" count="0" type="stmt"/>
      </file>
    </package>
    <package name="users">
      <metrics statements="8" coveredstatements="6" conditionals="4" coveredconditionals="2" methods="2" coveredmethods="2"/>
      <file name="authenticate.ts" path="C:\Users\gabri\OneDrive\Área de Trabalho\PS-IN\clone2\Tarefa-2-NODE-TREINAMENTO-INJUNIOR\src\use-cases\users\authenticate.ts">
        <metrics statements="8" coveredstatements="6" conditionals="4" coveredconditionals="2" methods="2" coveredmethods="2"/>
        <line num="16" count="1" type="stmt"/>
        <line num="22" count="1" type="stmt"/>
        <line num="24" count="1" type="cond" truecount="1" falsecount="1"/>
        <line num="25" count="0" type="stmt"/>
        <line num="28" count="1" type="stmt"/>
        <line num="30" count="1" type="cond" truecount="1" falsecount="1"/>
        <line num="31" count="0" type="stmt"/>
        <line num="34" count="1" type="stmt"/>
      </file>
    </package>
  </project>
</coverage>
