{"C:\\Users\\gabri\\OneDrive\\Área de Trabalho\\PS-IN\\clone2\\Tarefa-2-NODE-TREINAMENTO-INJUNIOR\\src\\use-cases\\errors\\invalid-credentials.error.ts": {"path":"C:\\Users\\gabri\\OneDrive\\Área de Trabalho\\PS-IN\\clone2\\Tarefa-2-NODE-TREINAMENTO-INJUNIOR\\src\\use-cases\\errors\\invalid-credentials.error.ts","statementMap":{"0":{"start":{"line":3,"column":4},"end":{"line":3,"column":null}}},"fnMap":{"0":{"name":"(anonymous_0)","decl":{"start":{"line":2,"column":2},"end":{"line":2,"column":16}},"loc":{"start":{"line":2,"column":16},"end":{"line":3,"column":null}},"line":2}},"branchMap":{},"s":{"0":0},"f":{"0":0},"b":{},"meta":{"lastBranch":0,"lastFunction":1,"lastStatement":1,"seen":{"f:2:2:2:16":0,"s:3:4:3:Infinity":0}}}
,"C:\\Users\\gabri\\OneDrive\\Área de Trabalho\\PS-IN\\clone2\\Tarefa-2-NODE-TREINAMENTO-INJUNIOR\\src\\use-cases\\users\\authenticate.ts": {"path":"C:\\Users\\gabri\\OneDrive\\Área de Trabalho\\PS-IN\\clone2\\Tarefa-2-NODE-TREINAMENTO-INJUNIOR\\src\\use-cases\\users\\authenticate.ts","statementMap":{"0":{"start":{"line":16,"column":22},"end":{"line":16,"column":56}},"1":{"start":{"line":22,"column":17},"end":{"line":22,"column":62}},"2":{"start":{"line":24,"column":4},"end":{"line":25,"column":null}},"3":{"start":{"line":25,"column":6},"end":{"line":25,"column":null}},"4":{"start":{"line":28,"column":28},"end":{"line":28,"column":70}},"5":{"start":{"line":30,"column":4},"end":{"line":31,"column":null}},"6":{"start":{"line":31,"column":6},"end":{"line":31,"column":null}},"7":{"start":{"line":34,"column":4},"end":{"line":34,"column":null}}},"fnMap":{"0":{"name":"(anonymous_0)","decl":{"start":{"line":16,"column":2},"end":{"line":16,"column":14}},"loc":{"start":{"line":16,"column":56},"end":{"line":16,"column":56}},"line":16},"1":{"name":"(anonymous_1)","decl":{"start":{"line":18,"column":8},"end":{"line":18,"column":16}},"loc":{"start":{"line":21,"column":71},"end":{"line":34,"column":null}},"line":21}},"branchMap":{"0":{"loc":{"start":{"line":24,"column":4},"end":{"line":25,"column":null}},"type":"if","locations":[{"start":{"line":24,"column":4},"end":{"line":25,"column":null}},{"start":{},"end":{}}],"line":24},"1":{"loc":{"start":{"line":30,"column":4},"end":{"line":31,"column":null}},"type":"if","locations":[{"start":{"line":30,"column":4},"end":{"line":31,"column":null}},{"start":{},"end":{}}],"line":30}},"s":{"0":1,"1":1,"2":1,"3":0,"4":1,"5":1,"6":0,"7":1},"f":{"0":1,"1":1},"b":{"0":[0,1],"1":[0,1]},"meta":{"lastBranch":2,"lastFunction":2,"lastStatement":8,"seen":{"f:16:2:16:14":0,"s:16:22:16:56":0,"f:18:8:18:16":1,"s:22:17:22:62":1,"b:24:4:25:Infinity:undefined:undefined:undefined:undefined":0,"s:24:4:25:Infinity":2,"s:25:6:25:Infinity":3,"s:28:28:28:70":4,"b:30:4:31:Infinity:undefined:undefined:undefined:undefined":1,"s:30:4:31:Infinity":5,"s:31:6:31:Infinity":6,"s:34:4:34:Infinity":7}}}
}
